0 info it worked if it ends with ok
1 verbose cli [ 'C:\\Program Files\\nodejs\\node.exe',
1 verbose cli   'C:\\Program Files\\nodejs\\node_modules\\npm\\bin\\npm-cli.js',
1 verbose cli   'run',
1 verbose cli   'webpack' ]
2 info using npm@3.10.10
3 info using node@v6.11.0
4 verbose run-script [ 'prewebpack', 'webpack', 'postwebpack' ]
5 info lifecycle shelter-rota@0.1.0~prewebpack: shelter-rota@0.1.0
6 silly lifecycle shelter-rota@0.1.0~prewebpack: no script for prewebpack, continuing
7 info lifecycle shelter-rota@0.1.0~webpack: shelter-rota@0.1.0
8 verbose lifecycle shelter-rota@0.1.0~webpack: unsafe-perm in lifecycle true
9 verbose lifecycle shelter-rota@0.1.0~webpack: PATH: C:\Program Files\nodejs\node_modules\npm\bin\node-gyp-bin;C:\Dev\shelter-rota\node_modules\.bin;C:\Users\Stu\bin;C:\Program Files\Git\mingw64\bin;C:\Program Files\Git\usr\local\bin;C:\Program Files\Git\usr\bin;C:\Program Files\Git\usr\bin;C:\Program Files\Git\mingw64\bin;C:\Program Files\Git\usr\bin;C:\Users\Stu\bin;C:\ProgramData\Oracle\Java\javapath;C:\Program Files (x86)\Haskell\bin;C:\Program Files (x86)\Haskell Platform\2013.2.0.0\lib\extralibs\bin;C:\Program Files (x86)\Haskell Platform\2013.2.0.0\bin;C:\Program Files (x86)\Intel\iCLS Client;C:\Program Files\Intel\iCLS Client;C:\Windows\system32;C:\Windows;C:\Windows\System32\Wbem;C:\Windows\System32\WindowsPowerShell\v1.0;C:\Program Files\Intel\Intel(R) Management Engine Components\DAL;C:\Program Files\Intel\Intel(R) Management Engine Components\IPT;C:\Program Files (x86)\Intel\Intel(R) Management Engine Components\DAL;C:\Program Files (x86)\Intel\Intel(R) Management Engine Components\IPT;C:\Program Files (x86)\Windows Live\Shared;C:\Program Files (x86)\Haskell Platform\2013.2.0.0\mingw\bin;C:\Program Files\Microsoft\Web Platform Installer;C:\Program Files (x86)\Microsoft ASP.NET\ASP.NET Web Pages\v1.0;C:\Program Files (x86)\Windows Kits\8.0\Windows Performance Toolkit;C:\Program Files (x86)\Microsoft SQL Server\110\Tools\Binn\ManagementStudio;C:\Program Files (x86)\Microsoft SQL Server\110\Tools\Binn;C:\Program Files\Microsoft SQL Server\110\Tools\Binn;C:\Program Files (x86)\Microsoft SQL Server\110\DTS\Binn;C:\Program Files\Microsoft SQL Server\110\DTS\Binn;C:\Program Files (x86)\scala\bin;C:\Windows\system32\config\systemprofile\.dnx\bin;C:\Program Files\Microsoft DNX\Dnvm;C:\Program Files\Microsoft SQL Server\120\Tools\Binn;C:\Tools\SDL-1.2.14;C:\Tools\SDL-1.2.14\bin;C:\Tools\SDL_ttf-devel-2.0.11-VC;C:\Tools\SDL_ttf-devel-2.0.11-VC\lib\x86;C:\Tools\SDL_ttf-devel-2.0.11-VC\lib\x64;C:\Tools\SDL_ttf-devel-2.0.11-VC\include;C:\Tools\sqlite;C:\Program Files\Inkscape;C:\Program Files (x86)\get_iplayer;C:\Program Files (x86)\Heroku\bin;C:\Program Files\PostgreSQL\9.6\bin;C:\Program Files (x86)\Skype\Phone;C:\Program Files (x86)\QT Lite\QTSystem;C:\Program Files\Git\cmd;C:\Program Files\nodejs;C:\Program Files\PuTTY;C:\Users\Stu\AppData\Roaming\local\bin;C:\Users\Stu\AppData\Roaming\cabal\bin;C:\Program Files\Sublime Text 2;C:\Program Files (x86)\Java\jdk1.7.0_51\bin;C:\Dev\Android\adt-bundle-windows-x86-20131030\sdk\platform-tools;C:\Dev\configit\csmerge\binaries;C:\Tools\cygwin64\bin;C:\Tools\pkg-config;C:\Tools\pkg-config\pkg-config_0.26-1_win32\bin;C:\Windows\Microsoft.NET\Framework64\v4.0.30319;C:\Program Files (x86)\Microsoft VS Code\bin;C:\Tools\rsvg-convert;C:\Program Files\PostgreSQL\9.6\bin;C:\Users\Stu\AppData\Roaming\npm;C:\Tools\ffmpeg\bin;C:\Program Files\Git\usr\bin\vendor_perl;C:\Program Files\Git\usr\bin\core_perl
10 verbose lifecycle shelter-rota@0.1.0~webpack: CWD: C:\Dev\shelter-rota
11 silly lifecycle shelter-rota@0.1.0~webpack: Args: [ '/d /s /c',
11 silly lifecycle   'webpack --progress --bail --output-path client/static --output-filename js/bundle.js' ]
12 silly lifecycle shelter-rota@0.1.0~webpack: Returned: code: 2  signal: null
13 info lifecycle shelter-rota@0.1.0~webpack: Failed to exec webpack script
14 verbose stack Error: shelter-rota@0.1.0 webpack: `webpack --progress --bail --output-path client/static --output-filename js/bundle.js`
14 verbose stack Exit status 2
14 verbose stack     at EventEmitter.<anonymous> (C:\Program Files\nodejs\node_modules\npm\lib\utils\lifecycle.js:255:16)
14 verbose stack     at emitTwo (events.js:106:13)
14 verbose stack     at EventEmitter.emit (events.js:191:7)
14 verbose stack     at ChildProcess.<anonymous> (C:\Program Files\nodejs\node_modules\npm\lib\utils\spawn.js:40:14)
14 verbose stack     at emitTwo (events.js:106:13)
14 verbose stack     at ChildProcess.emit (events.js:191:7)
14 verbose stack     at maybeClose (internal/child_process.js:891:16)
14 verbose stack     at Process.ChildProcess._handle.onexit (internal/child_process.js:226:5)
15 verbose pkgid shelter-rota@0.1.0
16 verbose cwd C:\Dev\shelter-rota
17 error Windows_NT 6.3.9600
18 error argv "C:\\Program Files\\nodejs\\node.exe" "C:\\Program Files\\nodejs\\node_modules\\npm\\bin\\npm-cli.js" "run" "webpack"
19 error node v6.11.0
20 error npm  v3.10.10
21 error code ELIFECYCLE
22 error shelter-rota@0.1.0 webpack: `webpack --progress --bail --output-path client/static --output-filename js/bundle.js`
22 error Exit status 2
23 error Failed at the shelter-rota@0.1.0 webpack script 'webpack --progress --bail --output-path client/static --output-filename js/bundle.js'.
23 error Make sure you have the latest version of node.js and npm installed.
23 error If you do, this is most likely a problem with the shelter-rota package,
23 error not with npm itself.
23 error Tell the author that this fails on your system:
23 error     webpack --progress --bail --output-path client/static --output-filename js/bundle.js
23 error You can get information on how to open an issue for this project with:
23 error     npm bugs shelter-rota
23 error Or if that isn't available, you can get their info via:
23 error     npm owner ls shelter-rota
23 error There is likely additional logging output above.
24 verbose exit [ 1, true ]
